<?xml version="1.0" encoding="UTF-8"?>
<coverage generated="1554161977847" clover="3.2.0">
  <project timestamp="1554161977848" name="All files">
    <metrics statements="96" coveredstatements="96" conditionals="37" coveredconditionals="37" methods="35" coveredmethods="35" elements="168" coveredelements="168" complexity="0" loc="96" ncloc="96" packages="9" files="11" classes="11">
      <package name="src">
        <metrics statements="2" coveredstatements="2" conditionals="0" coveredconditionals="0" methods="0" coveredmethods="0"/>
        <file name="setupTests.js" path="/home/augusto/myreads/src/setupTests.js">
          <metrics statements="2" coveredstatements="2" conditionals="0" coveredconditionals="0" methods="0" coveredmethods="0"/>
          <line num="4" count="7" type="stmt"/>
          <line num="6" count="7" type="stmt"/>
        </file>
      </package>
      <package name="src.components.App">
        <metrics statements="40" coveredstatements="40" conditionals="13" coveredconditionals="13" methods="15" coveredmethods="15"/>
        <file name="index.js" path="/home/augusto/myreads/src/components/App/index.js">
          <metrics statements="40" coveredstatements="40" conditionals="13" coveredconditionals="13" methods="15" coveredmethods="15"/>
          <line num="16" count="23" type="stmt"/>
          <line num="20" count="27" type="stmt"/>
          <line num="22" count="27" type="cond" truecount="2" falsecount="0"/>
          <line num="23" count="22" type="stmt"/>
          <line num="25" count="5" type="stmt"/>
          <line num="30" count="4" type="stmt"/>
          <line num="31" count="4" type="stmt"/>
          <line num="32" count="3" type="stmt"/>
          <line num="34" count="1" type="stmt"/>
          <line num="39" count="5" type="stmt"/>
          <line num="40" count="5" type="stmt"/>
          <line num="44" count="24" type="stmt"/>
          <line num="52" count="5" type="stmt"/>
          <line num="56" count="3" type="stmt"/>
          <line num="57" count="3" type="stmt"/>
          <line num="58" count="3" type="stmt"/>
          <line num="62" count="3" type="stmt"/>
          <line num="64" count="3" type="cond" truecount="2" falsecount="0"/>
          <line num="65" count="1" type="stmt"/>
          <line num="66" count="5" type="stmt"/>
          <line num="69" count="1" type="stmt"/>
          <line num="74" count="4" type="stmt"/>
          <line num="75" count="4" type="cond" truecount="2" falsecount="0"/>
          <line num="77" count="4" type="cond" truecount="2" falsecount="0"/>
          <line num="78" count="3" type="stmt"/>
          <line num="79" count="3" type="stmt"/>
          <line num="81" count="3" type="stmt"/>
          <line num="82" count="3" type="stmt"/>
          <line num="84" count="1" type="stmt"/>
          <line num="85" count="1" type="stmt"/>
          <line num="90" count="3" type="stmt"/>
          <line num="91" count="3" type="stmt"/>
          <line num="93" count="3" type="stmt"/>
          <line num="94" count="3" type="stmt"/>
          <line num="95" count="3" type="stmt"/>
          <line num="100" count="54" type="stmt"/>
          <line num="102" count="54" type="stmt"/>
          <line num="109" count="1" type="stmt"/>
          <line num="118" count="1" type="stmt"/>
          <line num="126" count="1" type="stmt"/>
        </file>
      </package>
      <package name="src.components.Book">
        <metrics statements="4" coveredstatements="4" conditionals="4" coveredconditionals="4" methods="1" coveredmethods="1"/>
        <file name="index.js" path="/home/augusto/myreads/src/components/Book/index.js">
          <metrics statements="4" coveredstatements="4" conditionals="4" coveredconditionals="4" methods="1" coveredmethods="1"/>
          <line num="7" count="6" type="stmt"/>
          <line num="8" count="19" type="stmt"/>
          <line num="27" count="6" type="stmt"/>
          <line num="38" count="6" type="stmt"/>
        </file>
      </package>
      <package name="src.components.BookSelect">
        <metrics statements="7" coveredstatements="7" conditionals="2" coveredconditionals="2" methods="3" coveredmethods="3"/>
        <file name="constants.js" path="/home/augusto/myreads/src/components/BookSelect/constants.js">
          <metrics statements="1" coveredstatements="1" conditionals="0" coveredconditionals="0" methods="0" coveredmethods="0"/>
          <line num="1" count="7" type="stmt"/>
        </file>
        <file name="index.js" path="/home/augusto/myreads/src/components/BookSelect/index.js">
          <metrics statements="6" coveredstatements="6" conditionals="2" coveredconditionals="2" methods="3" coveredmethods="3"/>
          <line num="6" count="7" type="stmt"/>
          <line num="7" count="21" type="stmt"/>
          <line num="8" count="1" type="stmt"/>
          <line num="11" count="21" type="stmt"/>
          <line num="23" count="84" type="stmt"/>
          <line num="33" count="7" type="stmt"/>
        </file>
      </package>
      <package name="src.components.BookShelf">
        <metrics statements="4" coveredstatements="4" conditionals="2" coveredconditionals="2" methods="1" coveredmethods="1"/>
        <file name="index.js" path="/home/augusto/myreads/src/components/BookShelf/index.js">
          <metrics statements="4" coveredstatements="4" conditionals="2" coveredconditionals="2" methods="1" coveredmethods="1"/>
          <line num="7" count="3" type="stmt"/>
          <line num="8" count="11" type="stmt"/>
          <line num="19" count="3" type="stmt"/>
          <line num="25" count="3" type="stmt"/>
        </file>
      </package>
      <package name="src.components.BooksGrid">
        <metrics statements="5" coveredstatements="5" conditionals="0" coveredconditionals="0" methods="2" coveredmethods="2"/>
        <file name="index.js" path="/home/augusto/myreads/src/components/BooksGrid/index.js">
          <metrics statements="5" coveredstatements="5" conditionals="0" coveredconditionals="0" methods="2" coveredmethods="2"/>
          <line num="7" count="5" type="stmt"/>
          <line num="8" count="31" type="stmt"/>
          <line num="10" count="17" type="stmt"/>
          <line num="20" count="5" type="stmt"/>
          <line num="25" count="5" type="stmt"/>
        </file>
      </package>
      <package name="src.mocks">
        <metrics statements="4" coveredstatements="4" conditionals="7" coveredconditionals="7" methods="3" coveredmethods="3"/>
        <file name="books.js" path="/home/augusto/myreads/src/mocks/books.js">
          <metrics statements="4" coveredstatements="4" conditionals="7" coveredconditionals="7" methods="3" coveredmethods="3"/>
          <line num="1" count="7" type="cond" truecount="2" falsecount="0"/>
          <line num="2" count="419" type="stmt"/>
          <line num="13" count="7" type="stmt"/>
          <line num="21" count="3" type="stmt"/>
        </file>
      </package>
      <package name="src.pages.BookList">
        <metrics statements="5" coveredstatements="5" conditionals="0" coveredconditionals="0" methods="2" coveredmethods="2"/>
        <file name="constants.js" path="/home/augusto/myreads/src/pages/BookList/constants.js">
          <metrics statements="1" coveredstatements="1" conditionals="0" coveredconditionals="0" methods="0" coveredmethods="0"/>
          <line num="1" count="2" type="stmt"/>
        </file>
        <file name="index.js" path="/home/augusto/myreads/src/pages/BookList/index.js">
          <metrics statements="4" coveredstatements="4" conditionals="0" coveredconditionals="0" methods="2" coveredmethods="2"/>
          <line num="9" count="2" type="stmt"/>
          <line num="10" count="3" type="stmt"/>
          <line num="16" count="9" type="stmt"/>
          <line num="32" count="2" type="stmt"/>
        </file>
      </package>
      <package name="src.pages.BookSearch">
        <metrics statements="25" coveredstatements="25" conditionals="9" coveredconditionals="9" methods="8" coveredmethods="8"/>
        <file name="index.js" path="/home/augusto/myreads/src/pages/BookSearch/index.js">
          <metrics statements="25" coveredstatements="25" conditionals="9" coveredconditionals="9" methods="8" coveredmethods="8"/>
          <line num="17" count="6" type="stmt"/>
          <line num="22" count="6" type="cond" truecount="2" falsecount="0"/>
          <line num="23" count="3" type="stmt"/>
          <line num="27" count="62" type="stmt"/>
          <line num="30" count="12" type="stmt"/>
          <line num="31" count="12" type="stmt"/>
          <line num="32" count="12" type="stmt"/>
          <line num="34" count="12" type="stmt"/>
          <line num="35" count="20" type="cond" truecount="2" falsecount="0"/>
          <line num="36" count="8" type="stmt"/>
          <line num="37" count="8" type="stmt"/>
          <line num="40" count="12" type="stmt"/>
          <line num="43" count="12" type="stmt"/>
          <line num="46" count="3" type="cond" truecount="1" falsecount="0"/>
          <line num="49" count="4" type="stmt"/>
          <line num="51" count="4" type="stmt"/>
          <line num="52" count="4" type="stmt"/>
          <line num="54" count="3" type="cond" truecount="4" falsecount="0"/>
          <line num="55" count="1" type="stmt"/>
          <line num="58" count="1" type="stmt"/>
          <line num="63" count="25" type="stmt"/>
          <line num="64" count="25" type="stmt"/>
          <line num="66" count="25" type="stmt"/>
          <line num="87" count="2" type="stmt"/>
          <line num="96" count="2" type="stmt"/>
        </file>
      </package>
    </metrics>
  </project>
</coverage>
