<?xml version="1.0" encoding="UTF-8"?>
<coverage generated="1552562809463" clover="3.2.0">
  <project timestamp="1552562809463" name="All files">
    <metrics statements="81" coveredstatements="81" conditionals="30" coveredconditionals="29" methods="29" coveredmethods="29" elements="140" coveredelements="139" complexity="0" loc="81" ncloc="81" packages="9" files="11" classes="11">
      <package name="src">
        <metrics statements="2" coveredstatements="2" conditionals="0" coveredconditionals="0" methods="0" coveredmethods="0"/>
        <file name="setupTests.js" path="/home/augusto/myreads/src/setupTests.js">
          <metrics statements="2" coveredstatements="2" conditionals="0" coveredconditionals="0" methods="0" coveredmethods="0"/>
          <line num="4" count="7" type="stmt"/>
          <line num="6" count="7" type="stmt"/>
        </file>
      </package>
      <package name="src.components.App">
        <metrics statements="31" coveredstatements="31" conditionals="14" coveredconditionals="13" methods="12" coveredmethods="12"/>
        <file name="index.js" path="/home/augusto/myreads/src/components/App/index.js">
          <metrics statements="31" coveredstatements="31" conditionals="14" coveredconditionals="13" methods="12" coveredmethods="12"/>
          <line num="16" count="2" type="stmt"/>
          <line num="18" count="2" type="cond" truecount="2" falsecount="0"/>
          <line num="19" count="1" type="stmt"/>
          <line num="24" count="2" type="stmt"/>
          <line num="25" count="2" type="stmt"/>
          <line num="29" count="6" type="stmt"/>
          <line num="37" count="2" type="stmt"/>
          <line num="41" count="3" type="stmt"/>
          <line num="42" count="3" type="stmt"/>
          <line num="43" count="3" type="stmt"/>
          <line num="47" count="3" type="stmt"/>
          <line num="49" count="3" type="cond" truecount="2" falsecount="0"/>
          <line num="50" count="1" type="stmt"/>
          <line num="51" count="5" type="stmt"/>
          <line num="54" count="1" type="stmt"/>
          <line num="59" count="4" type="stmt"/>
          <line num="60" count="4" type="cond" truecount="2" falsecount="0"/>
          <line num="62" count="4" type="cond" truecount="2" falsecount="0"/>
          <line num="63" count="3" type="stmt"/>
          <line num="64" count="3" type="stmt"/>
          <line num="66" count="3" type="stmt"/>
          <line num="67" count="3" type="stmt"/>
          <line num="72" count="3" type="stmt"/>
          <line num="73" count="3" type="stmt"/>
          <line num="75" count="3" type="stmt"/>
          <line num="76" count="3" type="stmt"/>
          <line num="77" count="3" type="stmt"/>
          <line num="82" count="32" type="stmt"/>
          <line num="84" count="32" type="stmt"/>
          <line num="91" count="1" type="stmt"/>
          <line num="102" count="1" type="stmt"/>
        </file>
      </package>
      <package name="src.components.Book">
        <metrics statements="5" coveredstatements="5" conditionals="4" coveredconditionals="4" methods="2" coveredmethods="2"/>
        <file name="index.js" path="/home/augusto/myreads/src/components/Book/index.js">
          <metrics statements="5" coveredstatements="5" conditionals="4" coveredconditionals="4" methods="2" coveredmethods="2"/>
          <line num="7" count="6" type="stmt"/>
          <line num="8" count="36" type="stmt"/>
          <line num="22" count="36" type="stmt"/>
          <line num="27" count="6" type="stmt"/>
          <line num="38" count="6" type="stmt"/>
        </file>
      </package>
      <package name="src.components.BookSelect">
        <metrics statements="7" coveredstatements="7" conditionals="2" coveredconditionals="2" methods="3" coveredmethods="3"/>
        <file name="constants.js" path="/home/augusto/myreads/src/components/BookSelect/constants.js">
          <metrics statements="1" coveredstatements="1" conditionals="0" coveredconditionals="0" methods="0" coveredmethods="0"/>
          <line num="1" count="7" type="stmt"/>
        </file>
        <file name="index.js" path="/home/augusto/myreads/src/components/BookSelect/index.js">
          <metrics statements="6" coveredstatements="6" conditionals="2" coveredconditionals="2" methods="3" coveredmethods="3"/>
          <line num="6" count="7" type="stmt"/>
          <line num="7" count="38" type="stmt"/>
          <line num="8" count="1" type="stmt"/>
          <line num="11" count="38" type="stmt"/>
          <line num="23" count="152" type="stmt"/>
          <line num="33" count="7" type="stmt"/>
        </file>
      </package>
      <package name="src.components.BookShelf">
        <metrics statements="4" coveredstatements="4" conditionals="2" coveredconditionals="2" methods="1" coveredmethods="1"/>
        <file name="index.js" path="/home/augusto/myreads/src/components/BookShelf/index.js">
          <metrics statements="4" coveredstatements="4" conditionals="2" coveredconditionals="2" methods="1" coveredmethods="1"/>
          <line num="7" count="3" type="stmt"/>
          <line num="8" count="17" type="stmt"/>
          <line num="19" count="3" type="stmt"/>
          <line num="25" count="3" type="stmt"/>
        </file>
      </package>
      <package name="src.components.BooksGrid">
        <metrics statements="5" coveredstatements="5" conditionals="0" coveredconditionals="0" methods="2" coveredmethods="2"/>
        <file name="index.js" path="/home/augusto/myreads/src/components/BooksGrid/index.js">
          <metrics statements="5" coveredstatements="5" conditionals="0" coveredconditionals="0" methods="2" coveredmethods="2"/>
          <line num="7" count="5" type="stmt"/>
          <line num="8" count="34" type="stmt"/>
          <line num="10" count="35" type="stmt"/>
          <line num="20" count="5" type="stmt"/>
          <line num="25" count="5" type="stmt"/>
        </file>
      </package>
      <package name="src.mocks">
        <metrics statements="1" coveredstatements="1" conditionals="2" coveredconditionals="2" methods="2" coveredmethods="2"/>
        <file name="books.js" path="/home/augusto/myreads/src/mocks/books.js">
          <metrics statements="1" coveredstatements="1" conditionals="2" coveredconditionals="2" methods="2" coveredmethods="2"/>
          <line num="2" count="135" type="stmt"/>
        </file>
      </package>
      <package name="src.pages.BookList">
        <metrics statements="13" coveredstatements="13" conditionals="0" coveredconditionals="0" methods="4" coveredmethods="4"/>
        <file name="constants.js" path="/home/augusto/myreads/src/pages/BookList/constants.js">
          <metrics statements="1" coveredstatements="1" conditionals="0" coveredconditionals="0" methods="0" coveredmethods="0"/>
          <line num="1" count="2" type="stmt"/>
        </file>
        <file name="index.js" path="/home/augusto/myreads/src/pages/BookList/index.js">
          <metrics statements="12" coveredstatements="12" conditionals="0" coveredconditionals="0" methods="4" coveredmethods="4"/>
          <line num="12" count="4" type="stmt"/>
          <line num="14" count="4" type="stmt"/>
          <line num="15" count="4" type="stmt"/>
          <line num="19" count="6" type="stmt"/>
          <line num="21" count="6" type="stmt"/>
          <line num="22" count="6" type="stmt"/>
          <line num="23" count="5" type="stmt"/>
          <line num="25" count="1" type="stmt"/>
          <line num="30" count="5" type="stmt"/>
          <line num="32" count="5" type="stmt"/>
          <line num="39" count="15" type="stmt"/>
          <line num="57" count="2" type="stmt"/>
        </file>
      </package>
      <package name="src.pages.BookSearch">
        <metrics statements="13" coveredstatements="13" conditionals="6" coveredconditionals="6" methods="3" coveredmethods="3"/>
        <file name="index.js" path="/home/augusto/myreads/src/pages/BookSearch/index.js">
          <metrics statements="13" coveredstatements="13" conditionals="6" coveredconditionals="6" methods="3" coveredmethods="3"/>
          <line num="16" count="6" type="stmt"/>
          <line num="21" count="6" type="cond" truecount="2" falsecount="0"/>
          <line num="22" count="3" type="stmt"/>
          <line num="27" count="4" type="stmt"/>
          <line num="29" count="4" type="stmt"/>
          <line num="30" count="4" type="stmt"/>
          <line num="32" count="3" type="cond" truecount="4" falsecount="0"/>
          <line num="33" count="1" type="stmt"/>
          <line num="36" count="1" type="stmt"/>
          <line num="41" count="19" type="stmt"/>
          <line num="42" count="19" type="stmt"/>
          <line num="44" count="19" type="stmt"/>
          <line num="65" count="2" type="stmt"/>
        </file>
      </package>
    </metrics>
  </project>
</coverage>
