{"/home/augusto/myreads/src/setupTests.js": {"path":"/home/augusto/myreads/src/setupTests.js","statementMap":{"0":{"start":{"line":4,"column":0},"end":{"line":4,"column":38}}},"fnMap":{},"branchMap":{},"s":{"0":1},"f":{},"b":{},"_coverageSchema":"332fd63041d2c1bcb487cc26dd0d5f7d97098a6c","hash":"e2230f2cecec6b9d75b9ac5f81583c3122388adb"}
,"/home/augusto/myreads/src/components/App/index.js": {"path":"/home/augusto/myreads/src/components/App/index.js","statementMap":{"0":{"start":{"line":16,"column":4},"end":{"line":21,"column":5}},"1":{"start":{"line":17,"column":20},"end":{"line":17,"column":43}},"2":{"start":{"line":18,"column":6},"end":{"line":18,"column":36}},"3":{"start":{"line":20,"column":6},"end":{"line":20,"column":20}},"4":{"start":{"line":25,"column":20},"end":{"line":25,"column":22}},"5":{"start":{"line":27,"column":4},"end":{"line":33,"column":7}},"6":{"start":{"line":28,"column":6},"end":{"line":30,"column":7}},"7":{"start":{"line":29,"column":8},"end":{"line":29,"column":33}},"8":{"start":{"line":32,"column":6},"end":{"line":32,"column":37}},"9":{"start":{"line":35,"column":4},"end":{"line":35,"column":31}},"10":{"start":{"line":39,"column":4},"end":{"line":39,"column":35}},"11":{"start":{"line":40,"column":4},"end":{"line":40,"column":44}},"12":{"start":{"line":41,"column":4},"end":{"line":41,"column":45}},"13":{"start":{"line":45,"column":24},"end":{"line":45,"column":34}},"14":{"start":{"line":47,"column":4},"end":{"line":51,"column":5}},"15":{"start":{"line":48,"column":6},"end":{"line":50,"column":9}},"16":{"start":{"line":49,"column":8},"end":{"line":49,"column":22}},"17":{"start":{"line":53,"column":4},"end":{"line":53,"column":31}},"18":{"start":{"line":57,"column":24},"end":{"line":57,"column":34}},"19":{"start":{"line":58,"column":20},"end":{"line":58,"column":24}},"20":{"start":{"line":59,"column":4},"end":{"line":59,"column":34}},"21":{"start":{"line":60,"column":4},"end":{"line":60,"column":29}},"22":{"start":{"line":62,"column":4},"end":{"line":64,"column":5}},"23":{"start":{"line":63,"column":6},"end":{"line":63,"column":38}},"24":{"start":{"line":66,"column":4},"end":{"line":66,"column":31}},"25":{"start":{"line":70,"column":4},"end":{"line":76,"column":5}},"26":{"start":{"line":71,"column":6},"end":{"line":71,"column":54}},"27":{"start":{"line":73,"column":6},"end":{"line":73,"column":37}},"28":{"start":{"line":74,"column":6},"end":{"line":74,"column":61}},"29":{"start":{"line":75,"column":6},"end":{"line":75,"column":20}},"30":{"start":{"line":80,"column":24},"end":{"line":80,"column":34}},"31":{"start":{"line":82,"column":4},"end":{"line":103,"column":6}},"32":{"start":{"line":88,"column":12},"end":{"line":91,"column":14}},"33":{"start":{"line":97,"column":12},"end":{"line":99,"column":14}}},"fnMap":{"0":{"name":"(anonymous_0)","decl":{"start":{"line":15,"column":22},"end":{"line":15,"column":23}},"loc":{"start":{"line":15,"column":34},"end":{"line":22,"column":3}},"line":15},"1":{"name":"(anonymous_1)","decl":{"start":{"line":24,"column":22},"end":{"line":24,"column":23}},"loc":{"start":{"line":24,"column":38},"end":{"line":36,"column":3}},"line":24},"2":{"name":"(anonymous_2)","decl":{"start":{"line":27,"column":18},"end":{"line":27,"column":19}},"loc":{"start":{"line":27,"column":28},"end":{"line":33,"column":5}},"line":27},"3":{"name":"(anonymous_3)","decl":{"start":{"line":38,"column":20},"end":{"line":38,"column":21}},"loc":{"start":{"line":38,"column":44},"end":{"line":42,"column":3}},"line":38},"4":{"name":"(anonymous_4)","decl":{"start":{"line":44,"column":24},"end":{"line":44,"column":25}},"loc":{"start":{"line":44,"column":34},"end":{"line":54,"column":3}},"line":44},"5":{"name":"(anonymous_5)","decl":{"start":{"line":48,"column":55},"end":{"line":48,"column":56}},"loc":{"start":{"line":49,"column":8},"end":{"line":49,"column":22}},"line":49},"6":{"name":"(anonymous_6)","decl":{"start":{"line":56,"column":19},"end":{"line":56,"column":20}},"loc":{"start":{"line":56,"column":43},"end":{"line":67,"column":3}},"line":56},"7":{"name":"(anonymous_7)","decl":{"start":{"line":69,"column":20},"end":{"line":69,"column":21}},"loc":{"start":{"line":69,"column":50},"end":{"line":77,"column":3}},"line":69},"8":{"name":"(anonymous_8)","decl":{"start":{"line":79,"column":2},"end":{"line":79,"column":3}},"loc":{"start":{"line":79,"column":11},"end":{"line":104,"column":3}},"line":79},"9":{"name":"(anonymous_9)","decl":{"start":{"line":87,"column":18},"end":{"line":87,"column":19}},"loc":{"start":{"line":88,"column":12},"end":{"line":91,"column":14}},"line":88},"10":{"name":"(anonymous_10)","decl":{"start":{"line":96,"column":18},"end":{"line":96,"column":19}},"loc":{"start":{"line":97,"column":12},"end":{"line":99,"column":14}},"line":97}},"branchMap":{"0":{"loc":{"start":{"line":24,"column":23},"end":{"line":24,"column":33}},"type":"default-arg","locations":[{"start":{"line":24,"column":31},"end":{"line":24,"column":33}}],"line":24},"1":{"loc":{"start":{"line":28,"column":6},"end":{"line":30,"column":7}},"type":"if","locations":[{"start":{"line":28,"column":6},"end":{"line":30,"column":7}},{"start":{"line":28,"column":6},"end":{"line":30,"column":7}}],"line":28},"2":{"loc":{"start":{"line":47,"column":4},"end":{"line":51,"column":5}},"type":"if","locations":[{"start":{"line":47,"column":4},"end":{"line":51,"column":5}},{"start":{"line":47,"column":4},"end":{"line":51,"column":5}}],"line":47},"3":{"loc":{"start":{"line":62,"column":4},"end":{"line":64,"column":5}},"type":"if","locations":[{"start":{"line":62,"column":4},"end":{"line":64,"column":5}},{"start":{"line":62,"column":4},"end":{"line":64,"column":5}}],"line":62},"4":{"loc":{"start":{"line":71,"column":34},"end":{"line":71,"column":52}},"type":"binary-expr","locations":[{"start":{"line":71,"column":34},"end":{"line":71,"column":42}},{"start":{"line":71,"column":46},"end":{"line":71,"column":52}}],"line":71}},"s":{"0":0,"1":0,"2":0,"3":0,"4":0,"5":0,"6":0,"7":0,"8":0,"9":0,"10":0,"11":0,"12":0,"13":0,"14":0,"15":0,"16":0,"17":0,"18":0,"19":0,"20":0,"21":0,"22":0,"23":0,"24":0,"25":0,"26":0,"27":0,"28":0,"29":0,"30":1,"31":1,"32":1,"33":0},"f":{"0":0,"1":0,"2":0,"3":0,"4":0,"5":0,"6":0,"7":0,"8":1,"9":1,"10":0},"b":{"0":[0],"1":[0,0],"2":[0,0],"3":[0,0],"4":[0,0]},"_coverageSchema":"332fd63041d2c1bcb487cc26dd0d5f7d97098a6c","hash":"dca77fc0f701f2cd2394093a70668915c00670e4"}
,"/home/augusto/myreads/src/components/Book/index.js": {"path":"/home/augusto/myreads/src/components/Book/index.js","statementMap":{"0":{"start":{"line":7,"column":13},"end":{"line":25,"column":1}},"1":{"start":{"line":8,"column":2},"end":{"line":24,"column":8}},"2":{"start":{"line":22,"column":6},"end":{"line":22,"column":63}},"3":{"start":{"line":27,"column":0},"end":{"line":36,"column":2}},"4":{"start":{"line":38,"column":0},"end":{"line":45,"column":2}}},"fnMap":{"0":{"name":"(anonymous_0)","decl":{"start":{"line":7,"column":13},"end":{"line":7,"column":14}},"loc":{"start":{"line":8,"column":2},"end":{"line":24,"column":8}},"line":8},"1":{"name":"(anonymous_1)","decl":{"start":{"line":21,"column":38},"end":{"line":21,"column":39}},"loc":{"start":{"line":22,"column":6},"end":{"line":22,"column":63}},"line":22}},"branchMap":{"0":{"loc":{"start":{"line":15,"column":35},"end":{"line":15,"column":79}},"type":"binary-expr","locations":[{"start":{"line":15,"column":35},"end":{"line":15,"column":50}},{"start":{"line":15,"column":54},"end":{"line":15,"column":79}}],"line":15},"1":{"loc":{"start":{"line":21,"column":5},"end":{"line":23,"column":6}},"type":"binary-expr","locations":[{"start":{"line":21,"column":5},"end":{"line":21,"column":17}},{"start":{"line":21,"column":21},"end":{"line":23,"column":6}}],"line":21}},"s":{"0":1,"1":0,"2":0,"3":1,"4":1},"f":{"0":0,"1":0},"b":{"0":[0,0],"1":[0,0]},"_coverageSchema":"332fd63041d2c1bcb487cc26dd0d5f7d97098a6c","hash":"10b516c94397688aa19f7c394ed634ab1557e0d4"}
,"/home/augusto/myreads/src/components/BookSelect/constants.js": {"path":"/home/augusto/myreads/src/components/BookSelect/constants.js","statementMap":{"0":{"start":{"line":1,"column":23},"end":{"line":6,"column":1}}},"fnMap":{},"branchMap":{},"s":{"0":1},"f":{},"b":{},"_coverageSchema":"332fd63041d2c1bcb487cc26dd0d5f7d97098a6c","hash":"626a6c982b92c49b513d8c923c98603096247126"}
,"/home/augusto/myreads/src/components/BookSelect/index.js": {"path":"/home/augusto/myreads/src/components/BookSelect/index.js","statementMap":{"0":{"start":{"line":6,"column":19},"end":{"line":30,"column":1}},"1":{"start":{"line":7,"column":19},"end":{"line":9,"column":3}},"2":{"start":{"line":8,"column":4},"end":{"line":8,"column":42}},"3":{"start":{"line":11,"column":2},"end":{"line":29,"column":4}},"4":{"start":{"line":22,"column":12},"end":{"line":24,"column":21}},"5":{"start":{"line":32,"column":0},"end":{"line":35,"column":2}}},"fnMap":{"0":{"name":"(anonymous_0)","decl":{"start":{"line":6,"column":19},"end":{"line":6,"column":20}},"loc":{"start":{"line":6,"column":52},"end":{"line":30,"column":1}},"line":6},"1":{"name":"(anonymous_1)","decl":{"start":{"line":7,"column":19},"end":{"line":7,"column":20}},"loc":{"start":{"line":7,"column":56},"end":{"line":9,"column":3}},"line":7},"2":{"name":"(anonymous_2)","decl":{"start":{"line":21,"column":22},"end":{"line":21,"column":23}},"loc":{"start":{"line":22,"column":12},"end":{"line":24,"column":21}},"line":22}},"branchMap":{"0":{"loc":{"start":{"line":14,"column":15},"end":{"line":14,"column":35}},"type":"binary-expr","locations":[{"start":{"line":14,"column":15},"end":{"line":14,"column":25}},{"start":{"line":14,"column":29},"end":{"line":14,"column":35}}],"line":14}},"s":{"0":1,"1":0,"2":0,"3":0,"4":0,"5":1},"f":{"0":0,"1":0,"2":0},"b":{"0":[0,0]},"_coverageSchema":"332fd63041d2c1bcb487cc26dd0d5f7d97098a6c","hash":"9475b2d11a12964157ff56b065be2e9186664d79"}
,"/home/augusto/myreads/src/components/BookShelf/index.js": {"path":"/home/augusto/myreads/src/components/BookShelf/index.js","statementMap":{"0":{"start":{"line":7,"column":18},"end":{"line":14,"column":1}},"1":{"start":{"line":8,"column":2},"end":{"line":13,"column":8}},"2":{"start":{"line":16,"column":0},"end":{"line":20,"column":2}},"3":{"start":{"line":22,"column":0},"end":{"line":24,"column":2}}},"fnMap":{"0":{"name":"(anonymous_0)","decl":{"start":{"line":7,"column":18},"end":{"line":7,"column":19}},"loc":{"start":{"line":8,"column":2},"end":{"line":13,"column":8}},"line":8}},"branchMap":{},"s":{"0":1,"1":3,"2":1,"3":1},"f":{"0":3},"b":{},"_coverageSchema":"332fd63041d2c1bcb487cc26dd0d5f7d97098a6c","hash":"e7717b0be1c74eb14f065aea17d8846e930d3999"}
,"/home/augusto/myreads/src/components/BooksGrid/index.js": {"path":"/home/augusto/myreads/src/components/BooksGrid/index.js","statementMap":{"0":{"start":{"line":7,"column":18},"end":{"line":18,"column":1}},"1":{"start":{"line":8,"column":2},"end":{"line":17,"column":7}},"2":{"start":{"line":10,"column":6},"end":{"line":15,"column":11}},"3":{"start":{"line":20,"column":0},"end":{"line":23,"column":2}},"4":{"start":{"line":25,"column":0},"end":{"line":27,"column":2}}},"fnMap":{"0":{"name":"(anonymous_0)","decl":{"start":{"line":7,"column":18},"end":{"line":7,"column":19}},"loc":{"start":{"line":8,"column":2},"end":{"line":17,"column":7}},"line":8},"1":{"name":"(anonymous_1)","decl":{"start":{"line":9,"column":15},"end":{"line":9,"column":16}},"loc":{"start":{"line":10,"column":6},"end":{"line":15,"column":11}},"line":10}},"branchMap":{},"s":{"0":1,"1":3,"2":0,"3":1,"4":1},"f":{"0":3,"1":0},"b":{},"_coverageSchema":"332fd63041d2c1bcb487cc26dd0d5f7d97098a6c","hash":"437e0d04dce69809dc1eabc53ed54aca1004a386"}
,"/home/augusto/myreads/src/pages/BookList/constants.js": {"path":"/home/augusto/myreads/src/pages/BookList/constants.js","statementMap":{"0":{"start":{"line":1,"column":23},"end":{"line":5,"column":1}}},"fnMap":{},"branchMap":{},"s":{"0":1},"f":{},"b":{},"_coverageSchema":"332fd63041d2c1bcb487cc26dd0d5f7d97098a6c","hash":"c61b3925996f00752477180bb650fc3bf66cae3b"}
,"/home/augusto/myreads/src/pages/BookList/index.js": {"path":"/home/augusto/myreads/src/pages/BookList/index.js","statementMap":{"0":{"start":{"line":9,"column":17},"end":{"line":30,"column":1}},"1":{"start":{"line":10,"column":2},"end":{"line":29,"column":8}},"2":{"start":{"line":16,"column":8},"end":{"line":21,"column":10}},"3":{"start":{"line":32,"column":0},"end":{"line":35,"column":2}}},"fnMap":{"0":{"name":"(anonymous_0)","decl":{"start":{"line":9,"column":17},"end":{"line":9,"column":18}},"loc":{"start":{"line":10,"column":2},"end":{"line":29,"column":8}},"line":10},"1":{"name":"(anonymous_1)","decl":{"start":{"line":15,"column":19},"end":{"line":15,"column":20}},"loc":{"start":{"line":16,"column":8},"end":{"line":21,"column":10}},"line":16}},"branchMap":{},"s":{"0":1,"1":1,"2":3,"3":1},"f":{"0":1,"1":3},"b":{},"_coverageSchema":"332fd63041d2c1bcb487cc26dd0d5f7d97098a6c","hash":"a9f7f0b57e72aa9485be4d9b35beb684c2dc0ab4"}
,"/home/augusto/myreads/src/pages/BookSearch/index.js": {"path":"/home/augusto/myreads/src/pages/BookSearch/index.js","statementMap":{"0":{"start":{"line":15,"column":4},"end":{"line":18,"column":7}},"1":{"start":{"line":20,"column":4},"end":{"line":22,"column":5}},"2":{"start":{"line":21,"column":6},"end":{"line":21,"column":25}},"3":{"start":{"line":26,"column":22},"end":{"line":26,"column":32}},"4":{"start":{"line":28,"column":4},"end":{"line":36,"column":5}},"5":{"start":{"line":29,"column":20},"end":{"line":29,"column":48}},"6":{"start":{"line":31,"column":6},"end":{"line":33,"column":7}},"7":{"start":{"line":32,"column":8},"end":{"line":32,"column":33}},"8":{"start":{"line":35,"column":6},"end":{"line":35,"column":18}},"9":{"start":{"line":40,"column":29},"end":{"line":40,"column":39}},"10":{"start":{"line":41,"column":34},"end":{"line":41,"column":44}},"11":{"start":{"line":43,"column":4},"end":{"line":60,"column":6}},"12":{"start":{"line":64,"column":0},"end":{"line":66,"column":2}}},"fnMap":{"0":{"name":"(anonymous_0)","decl":{"start":{"line":14,"column":17},"end":{"line":14,"column":18}},"loc":{"start":{"line":14,"column":51},"end":{"line":23,"column":3}},"line":14},"1":{"name":"(anonymous_1)","decl":{"start":{"line":25,"column":16},"end":{"line":25,"column":17}},"loc":{"start":{"line":25,"column":28},"end":{"line":37,"column":3}},"line":25},"2":{"name":"(anonymous_2)","decl":{"start":{"line":39,"column":2},"end":{"line":39,"column":3}},"loc":{"start":{"line":39,"column":11},"end":{"line":61,"column":3}},"line":39}},"branchMap":{"0":{"loc":{"start":{"line":20,"column":4},"end":{"line":22,"column":5}},"type":"if","locations":[{"start":{"line":20,"column":4},"end":{"line":22,"column":5}},{"start":{"line":20,"column":4},"end":{"line":22,"column":5}}],"line":20},"1":{"loc":{"start":{"line":31,"column":6},"end":{"line":33,"column":7}},"type":"if","locations":[{"start":{"line":31,"column":6},"end":{"line":33,"column":7}},{"start":{"line":31,"column":6},"end":{"line":33,"column":7}}],"line":31},"2":{"loc":{"start":{"line":31,"column":10},"end":{"line":31,"column":31}},"type":"binary-expr","locations":[{"start":{"line":31,"column":10},"end":{"line":31,"column":15}},{"start":{"line":31,"column":19},"end":{"line":31,"column":31}}],"line":31}},"s":{"0":0,"1":0,"2":0,"3":0,"4":0,"5":0,"6":0,"7":0,"8":0,"9":0,"10":0,"11":0,"12":1},"f":{"0":0,"1":0,"2":0},"b":{"0":[0,0],"1":[0,0],"2":[0,0]},"_coverageSchema":"332fd63041d2c1bcb487cc26dd0d5f7d97098a6c","hash":"2bf0ab42c0872cad0c1e7fd59697e8667a4353c7"}
}
