{"/home/augusto/myreads/src/setupTests.js": {"path":"/home/augusto/myreads/src/setupTests.js","statementMap":{"0":{"start":{"line":4,"column":0},"end":{"line":4,"column":38}},"1":{"start":{"line":6,"column":0},"end":{"line":6,"column":42}}},"fnMap":{},"branchMap":{},"s":{"0":7,"1":7},"f":{},"b":{},"_coverageSchema":"332fd63041d2c1bcb487cc26dd0d5f7d97098a6c","hash":"c24ff614700f25188522db7e6c2a6d5e462cd6f5"}
,"/home/augusto/myreads/src/components/App/index.js": {"path":"/home/augusto/myreads/src/components/App/index.js","statementMap":{"0":{"start":{"line":16,"column":20},"end":{"line":16,"column":63}},"1":{"start":{"line":18,"column":4},"end":{"line":20,"column":5}},"2":{"start":{"line":19,"column":6},"end":{"line":19,"column":33}},"3":{"start":{"line":24,"column":4},"end":{"line":24,"column":31}},"4":{"start":{"line":25,"column":4},"end":{"line":25,"column":61}},"5":{"start":{"line":29,"column":20},"end":{"line":35,"column":11}},"6":{"start":{"line":29,"column":49},"end":{"line":35,"column":5}},"7":{"start":{"line":37,"column":4},"end":{"line":37,"column":37}},"8":{"start":{"line":41,"column":4},"end":{"line":41,"column":35}},"9":{"start":{"line":42,"column":4},"end":{"line":42,"column":44}},"10":{"start":{"line":43,"column":4},"end":{"line":43,"column":45}},"11":{"start":{"line":47,"column":24},"end":{"line":47,"column":34}},"12":{"start":{"line":49,"column":4},"end":{"line":55,"column":5}},"13":{"start":{"line":50,"column":6},"end":{"line":52,"column":9}},"14":{"start":{"line":51,"column":8},"end":{"line":51,"column":22}},"15":{"start":{"line":54,"column":6},"end":{"line":54,"column":39}},"16":{"start":{"line":59,"column":24},"end":{"line":59,"column":34}},"17":{"start":{"line":60,"column":20},"end":{"line":60,"column":30}},"18":{"start":{"line":62,"column":4},"end":{"line":68,"column":5}},"19":{"start":{"line":63,"column":6},"end":{"line":63,"column":39}},"20":{"start":{"line":64,"column":6},"end":{"line":64,"column":31}},"21":{"start":{"line":66,"column":6},"end":{"line":66,"column":38}},"22":{"start":{"line":67,"column":6},"end":{"line":67,"column":39}},"23":{"start":{"line":72,"column":4},"end":{"line":78,"column":5}},"24":{"start":{"line":73,"column":6},"end":{"line":73,"column":44}},"25":{"start":{"line":75,"column":6},"end":{"line":75,"column":37}},"26":{"start":{"line":76,"column":6},"end":{"line":76,"column":61}},"27":{"start":{"line":77,"column":6},"end":{"line":77,"column":20}},"28":{"start":{"line":82,"column":24},"end":{"line":82,"column":34}},"29":{"start":{"line":84,"column":4},"end":{"line":109,"column":6}},"30":{"start":{"line":91,"column":14},"end":{"line":96,"column":16}},"31":{"start":{"line":102,"column":14},"end":{"line":104,"column":16}}},"fnMap":{"0":{"name":"(anonymous_0)","decl":{"start":{"line":15,"column":26},"end":{"line":15,"column":27}},"loc":{"start":{"line":15,"column":32},"end":{"line":21,"column":3}},"line":15},"1":{"name":"(anonymous_1)","decl":{"start":{"line":23,"column":23},"end":{"line":23,"column":24}},"loc":{"start":{"line":23,"column":36},"end":{"line":26,"column":3}},"line":23},"2":{"name":"(anonymous_2)","decl":{"start":{"line":28,"column":22},"end":{"line":28,"column":23}},"loc":{"start":{"line":28,"column":38},"end":{"line":38,"column":3}},"line":28},"3":{"name":"(anonymous_3)","decl":{"start":{"line":29,"column":33},"end":{"line":29,"column":34}},"loc":{"start":{"line":29,"column":49},"end":{"line":35,"column":5}},"line":29},"4":{"name":"(anonymous_4)","decl":{"start":{"line":40,"column":20},"end":{"line":40,"column":21}},"loc":{"start":{"line":40,"column":44},"end":{"line":44,"column":3}},"line":40},"5":{"name":"(anonymous_5)","decl":{"start":{"line":46,"column":24},"end":{"line":46,"column":25}},"loc":{"start":{"line":46,"column":39},"end":{"line":56,"column":3}},"line":46},"6":{"name":"(anonymous_6)","decl":{"start":{"line":50,"column":55},"end":{"line":50,"column":56}},"loc":{"start":{"line":51,"column":8},"end":{"line":51,"column":22}},"line":51},"7":{"name":"(anonymous_7)","decl":{"start":{"line":58,"column":19},"end":{"line":58,"column":20}},"loc":{"start":{"line":58,"column":48},"end":{"line":69,"column":3}},"line":58},"8":{"name":"(anonymous_8)","decl":{"start":{"line":71,"column":20},"end":{"line":71,"column":21}},"loc":{"start":{"line":71,"column":59},"end":{"line":79,"column":3}},"line":71},"9":{"name":"(anonymous_9)","decl":{"start":{"line":81,"column":2},"end":{"line":81,"column":3}},"loc":{"start":{"line":81,"column":11},"end":{"line":110,"column":3}},"line":81},"10":{"name":"(anonymous_10)","decl":{"start":{"line":90,"column":20},"end":{"line":90,"column":21}},"loc":{"start":{"line":91,"column":14},"end":{"line":96,"column":16}},"line":91},"11":{"name":"(anonymous_11)","decl":{"start":{"line":101,"column":20},"end":{"line":101,"column":21}},"loc":{"start":{"line":102,"column":14},"end":{"line":104,"column":16}},"line":102}},"branchMap":{"0":{"loc":{"start":{"line":18,"column":4},"end":{"line":20,"column":5}},"type":"if","locations":[{"start":{"line":18,"column":4},"end":{"line":20,"column":5}},{"start":{"line":18,"column":4},"end":{"line":20,"column":5}}],"line":18},"1":{"loc":{"start":{"line":28,"column":23},"end":{"line":28,"column":33}},"type":"default-arg","locations":[{"start":{"line":28,"column":31},"end":{"line":28,"column":33}}],"line":28},"2":{"loc":{"start":{"line":32,"column":12},"end":{"line":32,"column":33}},"type":"binary-expr","locations":[{"start":{"line":32,"column":12},"end":{"line":32,"column":27}},{"start":{"line":32,"column":31},"end":{"line":32,"column":33}}],"line":32},"3":{"loc":{"start":{"line":46,"column":25},"end":{"line":46,"column":34}},"type":"default-arg","locations":[{"start":{"line":46,"column":32},"end":{"line":46,"column":34}}],"line":46},"4":{"loc":{"start":{"line":49,"column":4},"end":{"line":55,"column":5}},"type":"if","locations":[{"start":{"line":49,"column":4},"end":{"line":55,"column":5}},{"start":{"line":49,"column":4},"end":{"line":55,"column":5}}],"line":49},"5":{"loc":{"start":{"line":58,"column":20},"end":{"line":58,"column":43}},"type":"default-arg","locations":[{"start":{"line":58,"column":41},"end":{"line":58,"column":43}}],"line":58},"6":{"loc":{"start":{"line":60,"column":20},"end":{"line":60,"column":30}},"type":"binary-expr","locations":[{"start":{"line":60,"column":20},"end":{"line":60,"column":24}},{"start":{"line":60,"column":28},"end":{"line":60,"column":30}}],"line":60},"7":{"loc":{"start":{"line":62,"column":4},"end":{"line":68,"column":5}},"type":"if","locations":[{"start":{"line":62,"column":4},"end":{"line":68,"column":5}},{"start":{"line":62,"column":4},"end":{"line":68,"column":5}}],"line":62},"8":{"loc":{"start":{"line":71,"column":35},"end":{"line":71,"column":52}},"type":"default-arg","locations":[{"start":{"line":71,"column":46},"end":{"line":71,"column":52}}],"line":71}},"s":{"0":2,"1":2,"2":1,"3":2,"4":2,"5":2,"6":6,"7":2,"8":3,"9":3,"10":3,"11":3,"12":3,"13":1,"14":5,"15":1,"16":4,"17":4,"18":4,"19":3,"20":3,"21":3,"22":3,"23":3,"24":3,"25":3,"26":3,"27":3,"28":32,"29":32,"30":1,"31":1},"f":{"0":2,"1":2,"2":2,"3":6,"4":3,"5":3,"6":5,"7":4,"8":3,"9":32,"10":1,"11":1},"b":{"0":[1,1],"1":[1],"2":[6,3],"3":[1],"4":[1,2],"5":[1],"6":[4,2],"7":[3,1],"8":[0]},"_coverageSchema":"332fd63041d2c1bcb487cc26dd0d5f7d97098a6c","hash":"15cc012d3d30f3d5ecdf760cc2d52b344eeb09d7"}
,"/home/augusto/myreads/src/components/Book/index.js": {"path":"/home/augusto/myreads/src/components/Book/index.js","statementMap":{"0":{"start":{"line":7,"column":13},"end":{"line":25,"column":1}},"1":{"start":{"line":8,"column":2},"end":{"line":24,"column":8}},"2":{"start":{"line":22,"column":6},"end":{"line":22,"column":63}},"3":{"start":{"line":27,"column":0},"end":{"line":36,"column":2}},"4":{"start":{"line":38,"column":0},"end":{"line":45,"column":2}}},"fnMap":{"0":{"name":"(anonymous_0)","decl":{"start":{"line":7,"column":13},"end":{"line":7,"column":14}},"loc":{"start":{"line":8,"column":2},"end":{"line":24,"column":8}},"line":8},"1":{"name":"(anonymous_1)","decl":{"start":{"line":21,"column":38},"end":{"line":21,"column":39}},"loc":{"start":{"line":22,"column":6},"end":{"line":22,"column":63}},"line":22}},"branchMap":{"0":{"loc":{"start":{"line":15,"column":35},"end":{"line":15,"column":79}},"type":"binary-expr","locations":[{"start":{"line":15,"column":35},"end":{"line":15,"column":50}},{"start":{"line":15,"column":54},"end":{"line":15,"column":79}}],"line":15},"1":{"loc":{"start":{"line":21,"column":5},"end":{"line":23,"column":6}},"type":"binary-expr","locations":[{"start":{"line":21,"column":5},"end":{"line":21,"column":17}},{"start":{"line":21,"column":21},"end":{"line":23,"column":6}}],"line":21}},"s":{"0":6,"1":36,"2":36,"3":6,"4":6},"f":{"0":36,"1":36},"b":{"0":[36,36],"1":[36,36]},"_coverageSchema":"332fd63041d2c1bcb487cc26dd0d5f7d97098a6c","hash":"10b516c94397688aa19f7c394ed634ab1557e0d4"}
,"/home/augusto/myreads/src/components/BookSelect/constants.js": {"path":"/home/augusto/myreads/src/components/BookSelect/constants.js","statementMap":{"0":{"start":{"line":1,"column":23},"end":{"line":6,"column":1}}},"fnMap":{},"branchMap":{},"s":{"0":7},"f":{},"b":{},"_coverageSchema":"332fd63041d2c1bcb487cc26dd0d5f7d97098a6c","hash":"626a6c982b92c49b513d8c923c98603096247126"}
,"/home/augusto/myreads/src/components/BookSelect/index.js": {"path":"/home/augusto/myreads/src/components/BookSelect/index.js","statementMap":{"0":{"start":{"line":6,"column":19},"end":{"line":31,"column":1}},"1":{"start":{"line":7,"column":19},"end":{"line":9,"column":3}},"2":{"start":{"line":8,"column":4},"end":{"line":8,"column":42}},"3":{"start":{"line":11,"column":2},"end":{"line":30,"column":4}},"4":{"start":{"line":23,"column":12},"end":{"line":25,"column":21}},"5":{"start":{"line":33,"column":0},"end":{"line":36,"column":2}}},"fnMap":{"0":{"name":"(anonymous_0)","decl":{"start":{"line":6,"column":19},"end":{"line":6,"column":20}},"loc":{"start":{"line":6,"column":52},"end":{"line":31,"column":1}},"line":6},"1":{"name":"(anonymous_1)","decl":{"start":{"line":7,"column":19},"end":{"line":7,"column":20}},"loc":{"start":{"line":7,"column":56},"end":{"line":9,"column":3}},"line":7},"2":{"name":"(anonymous_2)","decl":{"start":{"line":22,"column":22},"end":{"line":22,"column":23}},"loc":{"start":{"line":23,"column":12},"end":{"line":25,"column":21}},"line":23}},"branchMap":{"0":{"loc":{"start":{"line":15,"column":15},"end":{"line":15,"column":35}},"type":"binary-expr","locations":[{"start":{"line":15,"column":15},"end":{"line":15,"column":25}},{"start":{"line":15,"column":29},"end":{"line":15,"column":35}}],"line":15}},"s":{"0":7,"1":38,"2":1,"3":38,"4":152,"5":7},"f":{"0":38,"1":1,"2":152},"b":{"0":[38,2]},"_coverageSchema":"332fd63041d2c1bcb487cc26dd0d5f7d97098a6c","hash":"75a42068728706b85ee0c42607b054862c2e8f91"}
,"/home/augusto/myreads/src/components/BookShelf/index.js": {"path":"/home/augusto/myreads/src/components/BookShelf/index.js","statementMap":{"0":{"start":{"line":7,"column":18},"end":{"line":17,"column":1}},"1":{"start":{"line":8,"column":2},"end":{"line":16,"column":8}},"2":{"start":{"line":19,"column":0},"end":{"line":23,"column":2}},"3":{"start":{"line":25,"column":0},"end":{"line":27,"column":2}}},"fnMap":{"0":{"name":"(anonymous_0)","decl":{"start":{"line":7,"column":18},"end":{"line":7,"column":19}},"loc":{"start":{"line":8,"column":2},"end":{"line":16,"column":8}},"line":8}},"branchMap":{"0":{"loc":{"start":{"line":11,"column":7},"end":{"line":13,"column":62}},"type":"cond-expr","locations":[{"start":{"line":12,"column":10},"end":{"line":12,"column":75}},{"start":{"line":13,"column":10},"end":{"line":13,"column":62}}],"line":11}},"s":{"0":3,"1":17,"2":3,"3":3},"f":{"0":17},"b":{"0":[13,4]},"_coverageSchema":"332fd63041d2c1bcb487cc26dd0d5f7d97098a6c","hash":"6d581836fedb68378187ce85f29645743409b01d"}
,"/home/augusto/myreads/src/components/BooksGrid/index.js": {"path":"/home/augusto/myreads/src/components/BooksGrid/index.js","statementMap":{"0":{"start":{"line":7,"column":18},"end":{"line":18,"column":1}},"1":{"start":{"line":8,"column":2},"end":{"line":17,"column":7}},"2":{"start":{"line":10,"column":6},"end":{"line":15,"column":11}},"3":{"start":{"line":20,"column":0},"end":{"line":23,"column":2}},"4":{"start":{"line":25,"column":0},"end":{"line":27,"column":2}}},"fnMap":{"0":{"name":"(anonymous_0)","decl":{"start":{"line":7,"column":18},"end":{"line":7,"column":19}},"loc":{"start":{"line":8,"column":2},"end":{"line":17,"column":7}},"line":8},"1":{"name":"(anonymous_1)","decl":{"start":{"line":9,"column":15},"end":{"line":9,"column":16}},"loc":{"start":{"line":10,"column":6},"end":{"line":15,"column":11}},"line":10}},"branchMap":{},"s":{"0":5,"1":34,"2":35,"3":5,"4":5},"f":{"0":34,"1":35},"b":{},"_coverageSchema":"332fd63041d2c1bcb487cc26dd0d5f7d97098a6c","hash":"437e0d04dce69809dc1eabc53ed54aca1004a386"}
,"/home/augusto/myreads/src/mocks/books.js": {"path":"/home/augusto/myreads/src/mocks/books.js","statementMap":{"0":{"start":{"line":2,"column":2},"end":{"line":10,"column":5}},"1":{"start":{"line":2,"column":49},"end":{"line":10,"column":3}}},"fnMap":{"0":{"name":"(anonymous_0)","decl":{"start":{"line":1,"column":15},"end":{"line":1,"column":16}},"loc":{"start":{"line":2,"column":2},"end":{"line":10,"column":5}},"line":2},"1":{"name":"(anonymous_1)","decl":{"start":{"line":2,"column":30},"end":{"line":2,"column":31}},"loc":{"start":{"line":2,"column":49},"end":{"line":10,"column":3}},"line":2}},"branchMap":{"0":{"loc":{"start":{"line":1,"column":18},"end":{"line":1,"column":30}},"type":"default-arg","locations":[{"start":{"line":1,"column":29},"end":{"line":1,"column":30}}],"line":1},"1":{"loc":{"start":{"line":1,"column":32},"end":{"line":1,"column":52}},"type":"default-arg","locations":[{"start":{"line":1,"column":40},"end":{"line":1,"column":52}}],"line":1}},"s":{"0":52,"1":135},"f":{"0":52,"1":135},"b":{"0":[2],"1":[3]},"_coverageSchema":"332fd63041d2c1bcb487cc26dd0d5f7d97098a6c","hash":"dac2c3d149187c999d7fe9bcd3226f126b8c67e0"}
,"/home/augusto/myreads/src/pages/BookList/constants.js": {"path":"/home/augusto/myreads/src/pages/BookList/constants.js","statementMap":{"0":{"start":{"line":1,"column":23},"end":{"line":5,"column":1}}},"fnMap":{},"branchMap":{},"s":{"0":2},"f":{},"b":{},"_coverageSchema":"332fd63041d2c1bcb487cc26dd0d5f7d97098a6c","hash":"c61b3925996f00752477180bb650fc3bf66cae3b"}
,"/home/augusto/myreads/src/pages/BookList/index.js": {"path":"/home/augusto/myreads/src/pages/BookList/index.js","statementMap":{"0":{"start":{"line":12,"column":24},"end":{"line":12,"column":34}},"1":{"start":{"line":14,"column":4},"end":{"line":14,"column":14}},"2":{"start":{"line":15,"column":4},"end":{"line":15,"column":21}},"3":{"start":{"line":19,"column":28},"end":{"line":19,"column":38}},"4":{"start":{"line":21,"column":4},"end":{"line":26,"column":5}},"5":{"start":{"line":22,"column":20},"end":{"line":22,"column":43}},"6":{"start":{"line":23,"column":6},"end":{"line":23,"column":25}},"7":{"start":{"line":25,"column":6},"end":{"line":25,"column":20}},"8":{"start":{"line":30,"column":43},"end":{"line":30,"column":53}},"9":{"start":{"line":32,"column":4},"end":{"line":53,"column":6}},"10":{"start":{"line":39,"column":12},"end":{"line":44,"column":14}},"11":{"start":{"line":57,"column":0},"end":{"line":66,"column":2}}},"fnMap":{"0":{"name":"(anonymous_0)","decl":{"start":{"line":11,"column":22},"end":{"line":11,"column":23}},"loc":{"start":{"line":11,"column":28},"end":{"line":16,"column":3}},"line":11},"1":{"name":"(anonymous_1)","decl":{"start":{"line":18,"column":14},"end":{"line":18,"column":15}},"loc":{"start":{"line":18,"column":26},"end":{"line":27,"column":3}},"line":18},"2":{"name":"(anonymous_2)","decl":{"start":{"line":29,"column":2},"end":{"line":29,"column":3}},"loc":{"start":{"line":29,"column":11},"end":{"line":54,"column":3}},"line":29},"3":{"name":"(anonymous_3)","decl":{"start":{"line":38,"column":23},"end":{"line":38,"column":24}},"loc":{"start":{"line":39,"column":12},"end":{"line":44,"column":14}},"line":39}},"branchMap":{},"s":{"0":4,"1":4,"2":4,"3":6,"4":6,"5":6,"6":5,"7":1,"8":5,"9":5,"10":15,"11":2},"f":{"0":4,"1":6,"2":5,"3":15},"b":{},"_coverageSchema":"332fd63041d2c1bcb487cc26dd0d5f7d97098a6c","hash":"b0e5eab6a5046b2c298f4e54531e00d606962727"}
,"/home/augusto/myreads/src/pages/BookSearch/index.js": {"path":"/home/augusto/myreads/src/pages/BookSearch/index.js","statementMap":{"0":{"start":{"line":16,"column":4},"end":{"line":19,"column":7}},"1":{"start":{"line":21,"column":4},"end":{"line":23,"column":5}},"2":{"start":{"line":22,"column":6},"end":{"line":22,"column":25}},"3":{"start":{"line":27,"column":22},"end":{"line":27,"column":32}},"4":{"start":{"line":29,"column":4},"end":{"line":37,"column":5}},"5":{"start":{"line":30,"column":20},"end":{"line":30,"column":48}},"6":{"start":{"line":32,"column":6},"end":{"line":34,"column":7}},"7":{"start":{"line":33,"column":8},"end":{"line":33,"column":33}},"8":{"start":{"line":36,"column":6},"end":{"line":36,"column":18}},"9":{"start":{"line":41,"column":29},"end":{"line":41,"column":39}},"10":{"start":{"line":42,"column":34},"end":{"line":42,"column":44}},"11":{"start":{"line":44,"column":4},"end":{"line":61,"column":6}},"12":{"start":{"line":65,"column":0},"end":{"line":67,"column":2}}},"fnMap":{"0":{"name":"(anonymous_0)","decl":{"start":{"line":15,"column":17},"end":{"line":15,"column":18}},"loc":{"start":{"line":15,"column":51},"end":{"line":24,"column":3}},"line":15},"1":{"name":"(anonymous_1)","decl":{"start":{"line":26,"column":16},"end":{"line":26,"column":17}},"loc":{"start":{"line":26,"column":28},"end":{"line":38,"column":3}},"line":26},"2":{"name":"(anonymous_2)","decl":{"start":{"line":40,"column":2},"end":{"line":40,"column":3}},"loc":{"start":{"line":40,"column":11},"end":{"line":62,"column":3}},"line":40}},"branchMap":{"0":{"loc":{"start":{"line":21,"column":4},"end":{"line":23,"column":5}},"type":"if","locations":[{"start":{"line":21,"column":4},"end":{"line":23,"column":5}},{"start":{"line":21,"column":4},"end":{"line":23,"column":5}}],"line":21},"1":{"loc":{"start":{"line":32,"column":6},"end":{"line":34,"column":7}},"type":"if","locations":[{"start":{"line":32,"column":6},"end":{"line":34,"column":7}},{"start":{"line":32,"column":6},"end":{"line":34,"column":7}}],"line":32},"2":{"loc":{"start":{"line":32,"column":10},"end":{"line":32,"column":31}},"type":"binary-expr","locations":[{"start":{"line":32,"column":10},"end":{"line":32,"column":15}},{"start":{"line":32,"column":19},"end":{"line":32,"column":31}}],"line":32}},"s":{"0":6,"1":6,"2":3,"3":4,"4":4,"5":4,"6":3,"7":1,"8":1,"9":19,"10":19,"11":19,"12":2},"f":{"0":6,"1":4,"2":19},"b":{"0":[3,3],"1":[1,2],"2":[3,2]},"_coverageSchema":"332fd63041d2c1bcb487cc26dd0d5f7d97098a6c","hash":"cb506d97f9772fa33c3adb3d51d1a0aeed417439"}
}
