TN:
SF:/home/augusto/myreads/src/setupTests.js
FNF:0
FNH:0
DA:4,7
DA:6,7
LF:2
LH:2
BRF:0
BRH:0
end_of_record
TN:
SF:/home/augusto/myreads/src/components/App/index.js
FN:15,(anonymous_0)
FN:23,(anonymous_1)
FN:28,(anonymous_2)
FN:29,(anonymous_3)
FN:40,(anonymous_4)
FN:46,(anonymous_5)
FN:50,(anonymous_6)
FN:58,(anonymous_7)
FN:71,(anonymous_8)
FN:81,(anonymous_9)
FN:90,(anonymous_10)
FN:101,(anonymous_11)
FNF:12
FNH:12
FNDA:2,(anonymous_0)
FNDA:2,(anonymous_1)
FNDA:2,(anonymous_2)
FNDA:6,(anonymous_3)
FNDA:3,(anonymous_4)
FNDA:3,(anonymous_5)
FNDA:5,(anonymous_6)
FNDA:4,(anonymous_7)
FNDA:3,(anonymous_8)
FNDA:32,(anonymous_9)
FNDA:1,(anonymous_10)
FNDA:1,(anonymous_11)
DA:16,2
DA:18,2
DA:19,1
DA:24,2
DA:25,2
DA:29,6
DA:37,2
DA:41,3
DA:42,3
DA:43,3
DA:47,3
DA:49,3
DA:50,1
DA:51,5
DA:54,1
DA:59,4
DA:60,4
DA:62,4
DA:63,3
DA:64,3
DA:66,3
DA:67,3
DA:72,3
DA:73,3
DA:75,3
DA:76,3
DA:77,3
DA:82,32
DA:84,32
DA:91,1
DA:102,1
LF:31
LH:31
BRDA:18,0,0,1
BRDA:18,0,1,1
BRDA:28,1,0,1
BRDA:32,2,0,6
BRDA:32,2,1,3
BRDA:46,3,0,1
BRDA:49,4,0,1
BRDA:49,4,1,2
BRDA:58,5,0,1
BRDA:60,6,0,4
BRDA:60,6,1,2
BRDA:62,7,0,3
BRDA:62,7,1,1
BRDA:71,8,0,0
BRF:14
BRH:13
end_of_record
TN:
SF:/home/augusto/myreads/src/components/Book/index.js
FN:7,(anonymous_0)
FN:21,(anonymous_1)
FNF:2
FNH:2
FNDA:36,(anonymous_0)
FNDA:36,(anonymous_1)
DA:7,6
DA:8,36
DA:22,36
DA:27,6
DA:38,6
LF:5
LH:5
BRDA:15,0,0,36
BRDA:15,0,1,36
BRDA:21,1,0,36
BRDA:21,1,1,36
BRF:4
BRH:4
end_of_record
TN:
SF:/home/augusto/myreads/src/components/BookSelect/constants.js
FNF:0
FNH:0
DA:1,7
LF:1
LH:1
BRF:0
BRH:0
end_of_record
TN:
SF:/home/augusto/myreads/src/components/BookSelect/index.js
FN:6,(anonymous_0)
FN:7,(anonymous_1)
FN:22,(anonymous_2)
FNF:3
FNH:3
FNDA:38,(anonymous_0)
FNDA:1,(anonymous_1)
FNDA:152,(anonymous_2)
DA:6,7
DA:7,38
DA:8,1
DA:11,38
DA:23,152
DA:33,7
LF:6
LH:6
BRDA:15,0,0,38
BRDA:15,0,1,2
BRF:2
BRH:2
end_of_record
TN:
SF:/home/augusto/myreads/src/components/BookShelf/index.js
FN:7,(anonymous_0)
FNF:1
FNH:1
FNDA:17,(anonymous_0)
DA:7,3
DA:8,17
DA:19,3
DA:25,3
LF:4
LH:4
BRDA:11,0,0,13
BRDA:11,0,1,4
BRF:2
BRH:2
end_of_record
TN:
SF:/home/augusto/myreads/src/components/BooksGrid/index.js
FN:7,(anonymous_0)
FN:9,(anonymous_1)
FNF:2
FNH:2
FNDA:34,(anonymous_0)
FNDA:35,(anonymous_1)
DA:7,5
DA:8,34
DA:10,35
DA:20,5
DA:25,5
LF:5
LH:5
BRF:0
BRH:0
end_of_record
TN:
SF:/home/augusto/myreads/src/mocks/books.js
FN:1,(anonymous_0)
FN:2,(anonymous_1)
FNF:2
FNH:2
FNDA:52,(anonymous_0)
FNDA:135,(anonymous_1)
DA:2,135
LF:1
LH:1
BRDA:1,0,0,2
BRDA:1,1,0,3
BRF:2
BRH:2
end_of_record
TN:
SF:/home/augusto/myreads/src/pages/BookList/constants.js
FNF:0
FNH:0
DA:1,2
LF:1
LH:1
BRF:0
BRH:0
end_of_record
TN:
SF:/home/augusto/myreads/src/pages/BookList/index.js
FN:11,(anonymous_0)
FN:18,(anonymous_1)
FN:29,(anonymous_2)
FN:38,(anonymous_3)
FNF:4
FNH:4
FNDA:4,(anonymous_0)
FNDA:6,(anonymous_1)
FNDA:5,(anonymous_2)
FNDA:15,(anonymous_3)
DA:12,4
DA:14,4
DA:15,4
DA:19,6
DA:21,6
DA:22,6
DA:23,5
DA:25,1
DA:30,5
DA:32,5
DA:39,15
DA:57,2
LF:12
LH:12
BRF:0
BRH:0
end_of_record
TN:
SF:/home/augusto/myreads/src/pages/BookSearch/index.js
FN:15,(anonymous_0)
FN:26,(anonymous_1)
FN:40,(anonymous_2)
FNF:3
FNH:3
FNDA:6,(anonymous_0)
FNDA:4,(anonymous_1)
FNDA:19,(anonymous_2)
DA:16,6
DA:21,6
DA:22,3
DA:27,4
DA:29,4
DA:30,4
DA:32,3
DA:33,1
DA:36,1
DA:41,19
DA:42,19
DA:44,19
DA:65,2
LF:13
LH:13
BRDA:21,0,0,3
BRDA:21,0,1,3
BRDA:32,1,0,1
BRDA:32,1,1,2
BRDA:32,2,0,3
BRDA:32,2,1,2
BRF:6
BRH:6
end_of_record
